=== Inside Docker Container ===
Rust version: rustc 1.85.0-nightly (d10a6823f 2024-11-29)
Cargo version: cargo 1.85.0-nightly (4c39aaff6 2024-11-25)
Trunk version: trunk 0.21.4
Build started: Fri Dec 12 22:16:41 UTC 2025

=== Depict Build Script ===
Started at: Fri Dec 12 22:16:41 UTC 2025

1. Verifying Rust toolchain...
================================================
rustc 1.85.0-nightly (d10a6823f 2024-11-29)
cargo 1.85.0-nightly (4c39aaff6 2024-11-25)
trunk 0.21.4
wasm-bindgen 0.2.95
Build host: Linux 15a905f4b64c 6.8.0-88-generic #89-Ubuntu SMP PREEMPT_DYNAMIC Sat Oct 11 01:02:46 UTC 2025 x86_64 x86_64 x86_64 GNU/Linux
Date: Fri Dec 12 22:16:42 UTC 2025
================================================

2. Applying code fixes...
✓ Fixed server/src/main.rs line 70
✓ Fixed Inflector case in server/Cargo.toml
✓ Verified workspace members

3. Building desktop application...
error: failed to parse manifest at `/workspace/Cargo.toml`

Caused by:
  feature `default` includes `osqp-rust`, but `osqp-rust` is not an optional dependency
  A non-optional dependency of the same name is defined; consider adding `optional = true` to its definition.
